#
# A fatal error has been detected by the Java Runtime Environment:
#
#  EXCEPTION_ACCESS_VIOLATION (0xc0000005) at pc=0x00000251800012e7, pid=14048, tid=11436
#
# JRE version: OpenJDK Runtime Environment Corretto-11.0.20.9.1 (11.0.20.1+9) (build 11.0.20.1+9-LTS)
# Java VM: OpenJDK 64-Bit Server VM Corretto-11.0.20.9.1 (11.0.20.1+9-LTS, mixed mode, tiered, compressed oops, g1 gc, windows-amd64)
# Problematic frame:
# v  ~StubRoutines::get_previous_fp
#
# No core dump will be written. Minidumps are not enabled by default on client versions of Windows
#
# If you would like to submit a bug report, please visit:
#   https://github.com/corretto/corretto-11/issues/
#

---------------  S U M M A R Y ------------

Command Line: -javaagent:C:\\Users\\Пользователь\\.m2\\repository\\org\\jacoco\\org.jacoco.agent\\0.8.5\\org.jacoco.agent-0.8.5-runtime.jar=destfile=C:\\Users\\Пользователь\\Desktop\\Netology\\3. Java\\myhw8\\target\\jacoco.exec C:\Users\73B5~1\AppData\Local\Temp\surefire1432511467983268266\surefirebooter4930167501416656096.jar C:\Users\Пользователь\AppData\Local\Temp\surefire1432511467983268266 2023-10-21T17-31-14_139-jvmRun1 surefire10338957804533630466tmp surefire_06529324493987839993tmp

Host: 11th Gen Intel(R) Core(TM) i5-11300H @ 3.10GHz, 8 cores, 7G,  Windows 11 , 64 bit Build 22621 (10.0.22621.2428)
Time: Sat Oct 21 17:31:14 2023 RTZ 2 (s 11 , 64 bit Build 22621 (10.0.22621.2428) elapsed time: 0.168342 seconds (0d 0h 0m 0s)

---------------  T H R E A D  ---------------

Current thread (0x00000251ed3d9800):  JavaThread "main" [_thread_in_vm, id=11436, stack(0x000000a372900000,0x000000a372a00000)]

Stack: [0x000000a372900000,0x000000a372a00000],  sp=0x000000a3729ff4f0,  free space=1021k
Native frames: (J=compiled Java code, j=interpreted, Vv=VM code, C=native code)
C  0x00000251800012e7


siginfo: EXCEPTION_ACCESS_VIOLATION (0xc0000005), reading address 0x00000000000003d8


Register to memory mapping:

RIP=0x00000251800012e7 is at begin+8 in a stub
StubRoutines::get_previous_fp [0x00000251800012df, 0x00000251800012ec[ (13 bytes)
RAX=0x00000000000003d8 is an unknown value
RBX=0x000000a3729ff590 is pointing into the stack for thread: 0x00000251ed3d9800
RCX=0x000000a3729ff590 is pointing into the stack for thread: 0x00000251ed3d9800
RDX=0x0 is NULL
RSP=0x000000a3729ff4f0 is pointing into the stack for thread: 0x00000251ed3d9800
RBP=0x000000a3729ff4f0 is pointing into the stack for thread: 0x00000251ed3d9800
RSI=0x0 is NULL
RDI=0x00000251ed3d9800 is a thread
R8 =0x000000a3729ff468 is pointing into the stack for thread: 0x00000251ed3d9800
R9 =0x0 is NULL
R10=0x0 is NULL
R11=0x000000a3729ff520 is pointing into the stack for thread: 0x00000251ed3d9800
R12=0x00000251ed3ca0b8 points into unknown readable memory: 0x08027abfc2d376c6 | c6 76 d3 c2 bf 7a 02 08
R13=0x0000000000000008 is an unknown value
R14=0x00000251fde02270 points into unknown readable memory: 0x0000000000000000 | 00 00 00 00 00 00 00 00
R15=0x00000251ed3c9ce0 points into unknown readable memory: 0x0072006f006d0020 | 20 00 6d 00 6f 00 72 00


Registers:
RAX=0x00000000000003d8, RBX=0x000000a3729ff590, RCX=0x000000a3729ff590, RDX=0x0000000000000000
RSP=0x000000a3729ff4f0, RBP=0x000000a3729ff4f0, RSI=0x0000000000000000, RDI=0x00000251ed3d9800
R8 =0x000000a3729ff468, R9 =0x0000000000000000, R10=0x0000000000000000, R11=0x000000a3729ff520
R12=0x00000251ed3ca0b8, R13=0x0000000000000008, R14=0x00000251fde02270, R15=0x00000251ed3c9ce0
RIP=0x00000251800012e7, EFLAGS=0x0000000000010202

Top of Stack: (sp=0x000000a3729ff4f0)
0x000000a3729ff4f0:   00000000000003d8 00007ffb50053d36
0x000000a3729ff500:   00007ffba3c2f550 00007ffba3c2f550
0x000000a3729ff510:   000000a3729ff5b0 000000a3729ff540
0x000000a3729ff520:   0000000000007fd8 00007ffb4faf2c0c
0x000000a3729ff530:   000000a3729ff5a0 00000251eb1b03c0
0x000000a3729ff540:   00000000000007d0 00000251ed3c9cd0
0x000000a3729ff550:   00000251ed3d9800 00007ffb501a2e51
0x000000a3729ff560:   00000251eb1b03c0 00000251ed3c9cd0
0x000000a3729ff570:   00000251ed3c9cd0 00000251eb17ca00
0x000000a3729ff580:   00000251eb24ef48 00007ffb9757148c
0x000000a3729ff590:   0000000000000004 00007ffb975782c0
0x000000a3729ff5a0:   000000a3729ff5f0 00007ffba3c2f550
0x000000a3729ff5b0:   00007ffba3c2f550 00000251eb16d2a0
0x000000a3729ff5c0:   0000ead0ba3eec67 00007ffb97577ad0
0x000000a3729ff5d0:   00000251ed3d9800 00007ffb50056360
0x000000a3729ff5e0:   00000251ed3d9b48 00007ffb975782c0 

Instructions: (pc=0x00000251800012e7)
0x00000251800011e7:   40 18 85 98 fe ff ff 00 62 63 35 40 18 8d 88 fe
0x00000251800011f7:   ff ff 00 62 63 2d 40 18 95 78 fe ff ff 00 62 63
0x0000025180001207:   25 40 18 9d 68 fe ff ff 00 62 63 1d 40 18 a5 58
0x0000025180001217:   fe ff ff 00 62 63 15 40 18 ad 48 fe ff ff 00 62
0x0000025180001227:   63 0d 40 18 b5 38 fe ff ff 00 62 63 05 40 18 bd
0x0000025180001237:   28 fe ff ff 00 4c 8b 7d c8 4c 8b 75 d0 4c 8b 6d
0x0000025180001247:   d8 4c 8b 65 e0 48 8b 5d f8 48 8b 7d e8 48 8b 75
0x0000025180001257:   f0 48 81 c4 d8 01 00 00 c5 f8 77 5d c3 48 89 01
0x0000025180001267:   e9 ab fe ff ff c5 fa 11 01 e9 a2 fe ff ff c5 fb
0x0000025180001277:   11 01 e9 99 fe ff ff 49 89 47 08 49 ba b0 e4 34
0x0000025180001287:   50 fb 7f 00 00 4d 89 57 10 41 c7 47 18 da 01 00
0x0000025180001297:   00 e9 4d fe ff ff 8b c1 87 02 c3 48 8b c1 48 87
0x00000251800012a7:   02 c3 41 8b c0 f0 0f b1 0a c3 49 0f be c0 f0 0f
0x00000251800012b7:   b0 0a c3 49 8b c0 f0 48 0f b1 0a c3 8b c1 f0 0f
0x00000251800012c7:   c1 0a 03 c1 c3 48 8b c1 f0 48 0f c1 0a 48 03 c1
0x00000251800012d7:   c3 f0 83 44 24 c0 00 c3 55 48 8b ec 48 8b 45 00
0x00000251800012e7:   48 8b 00 5d c3 48 8b c4 48 83 c0 08 c3 c3 66 66
0x00000251800012f7:   66 0f 1f 84 00 00 00 00 00 55 48 8b ec 41 54 48
0x0000025180001307:   83 ec 28 49 b9 e0 65 49 50 fb 7f 00 00 f7 d1 41
0x0000025180001317:   bc 00 00 00 00 41 81 f8 00 01 00 00 0f 8c b5 02
0x0000025180001327:   00 00 c5 79 6e d1 62 b1 fe 48 6f 04 22 62 b1 fe
0x0000025180001337:   48 6f 64 22 01 62 d1 fd 48 ef c2 62 52 7d 48 5a
0x0000025180001347:   51 02 41 81 e8 00 01 00 00 41 81 f8 00 01 00 00
0x0000025180001357:   0f 8c 01 01 00 00 62 b1 fe 48 6f 7c 22 02 62 31
0x0000025180001367:   fe 48 6f 44 22 03 62 c2 7d 48 5a 01 41 81 e8 00
0x0000025180001377:   01 00 00 41 81 c4 00 01 00 00 62 b1 fe 48 6f 1c
0x0000025180001387:   22 62 b3 7d 48 44 c8 10 62 b3 7d 48 44 d0 01 62
0x0000025180001397:   f1 f5 48 ef c2 62 f1 fd 48 ef c3 62 b1 fe 48 6f
0x00000251800013a7:   5c 22 01 62 b3 5d 48 44 c8 10 62 b3 5d 48 44 d0
0x00000251800013b7:   01 62 f1 f5 48 ef e2 62 f1 dd 48 ef e3 62 b1 fe
0x00000251800013c7:   48 6f 5c 22 02 62 b3 45 48 44 c8 10 62 b3 45 48
0x00000251800013d7:   44 d0 01 62 f1 f5 48 ef fa 62 f1 c5 48 ef fb 62 


Stack slot to memory mapping:
stack at sp + 0 slots: 0x00000000000003d8 is an unknown value
stack at sp + 1 slots: 0x00007ffb50053d36 jvm.dll
stack at sp + 2 slots: 0x00007ffba3c2f550 ucrtbase.dll
stack at sp + 3 slots: 0x00007ffba3c2f550 ucrtbase.dll
stack at sp + 4 slots: 0x000000a3729ff5b0 is pointing into the stack for thread: 0x00000251ed3d9800
stack at sp + 5 slots: 0x000000a3729ff540 is pointing into the stack for thread: 0x00000251ed3d9800
stack at sp + 6 slots: 0x0000000000007fd8 is an unknown value
stack at sp + 7 slots: 0x00007ffb4faf2c0c jvm.dll

StubRoutines::get_previous_fp [0x00000251800012df, 0x00000251800012ec[ (13 bytes)
---------------  P R O C E S S  ---------------

Threads class SMR info:
_java_thread_list=0x00000251fd35c290, length=11, elements={
0x00000251ed3d9800, 0x00000251fd368000, 0x00000251fd369000, 0x00000251fdcd2800,
0x00000251fdcd5000, 0x00000251fdcd6000, 0x00000251fdcd7000, 0x00000251fdcda000,
0x00000251fd37e000, 0x00000251fde4f800, 0x00000251fde93800
}

Java Threads: ( => current thread )
=>0x00000251ed3d9800 JavaThread "main" [_thread_in_vm, id=11436, stack(0x000000a372900000,0x000000a372a00000)]
  0x00000251fd368000 JavaThread "Reference Handler" daemon [_thread_blocked, id=8472, stack(0x000000a373000000,0x000000a373100000)]
  0x00000251fd369000 JavaThread "Finalizer" daemon [_thread_blocked, id=9428, stack(0x000000a373100000,0x000000a373200000)]
  0x00000251fdcd2800 JavaThread "Signal Dispatcher" daemon [_thread_blocked, id=6720, stack(0x000000a373200000,0x000000a373300000)]
  0x00000251fdcd5000 JavaThread "Attach Listener" daemon [_thread_blocked, id=16528, stack(0x000000a373300000,0x000000a373400000)]
  0x00000251fdcd6000 JavaThread "Service Thread" daemon [_thread_blocked, id=14556, stack(0x000000a373400000,0x000000a373500000)]
  0x00000251fdcd7000 JavaThread "C2 CompilerThread0" daemon [_thread_blocked, id=21712, stack(0x000000a373500000,0x000000a373600000)]
  0x00000251fdcda000 JavaThread "C1 CompilerThread0" daemon [_thread_blocked, id=7224, stack(0x000000a373600000,0x000000a373700000)]
  0x00000251fd37e000 JavaThread "Sweeper thread" daemon [_thread_blocked, id=6068, stack(0x000000a373700000,0x000000a373800000)]
  0x00000251fde4f800 JavaThread "Common-Cleaner" daemon [_thread_blocked, id=14732, stack(0x000000a373800000,0x000000a373900000)]
  0x00000251fde93800 JavaThread "C2 CompilerThread1" daemon [_thread_blocked, id=1480, stack(0x000000a373900000,0x000000a373a00000)]

Other Threads:
  0x00000251fd32f800 VMThread "VM Thread" [stack: 0x000000a372f00000,0x000000a373000000] [id=14480]
  0x00000251ed3ef800 GCTaskThread "GC Thread#0" [stack: 0x000000a372a00000,0x000000a372b00000] [id=7728]
  0x00000251ed422800 ConcurrentGCThread "G1 Main Marker" [stack: 0x000000a372b00000,0x000000a372c00000] [id=9248]
  0x00000251ed424000 ConcurrentGCThread "G1 Conc#0" [stack: 0x000000a372c00000,0x000000a372d00000] [id=17576]
  0x00000251ed4ae000 ConcurrentGCThread "G1 Refine#0" [stack: 0x000000a372d00000,0x000000a372e00000] [id=6328]
  0x00000251fd198800 ConcurrentGCThread "G1 Young RemSet Sampling" [stack: 0x000000a372e00000,0x000000a372f00000] [id=9764]

Threads with active compile tasks:

VM state:not at safepoint (normal execution)

VM Mutex/Monitor currently owned by a thread: None

Heap address: 0x0000000083200000, size: 1998 MB, Compressed Oops mode: 32-bit
Narrow klass base: 0x0000000000000000, Narrow klass shift: 3
Compressed class space size: 1073741824 Address: 0x0000000100000000

Heap:
 garbage-first heap   total 129024K, used 2048K [0x0000000083200000, 0x0000000100000000)
  region size 1024K, 3 young (3072K), 0 survivors (0K)
 Metaspace       used 6700K, capacity 6850K, committed 7168K, reserved 1056768K
  class space    used 582K, capacity 643K, committed 768K, reserved 1048576K
Heap Regions: E=young(eden), S=young(survivor), O=old, HS=humongous(starts), HC=humongous(continues), CS=collection set, F=free, A=archive, TAMS=top-at-mark-start (previous, next)
|   0|0x0000000083200000, 0x0000000083200000, 0x0000000083300000|  0%| F|  |TAMS 0x0000000083200000, 0x0000000083200000| Untracked 
|   1|0x0000000083300000, 0x0000000083300000, 0x0000000083400000|  0%| F|  |TAMS 0x0000000083300000, 0x0000000083300000| Untracked 
|   2|0x0000000083400000, 0x0000000083400000, 0x0000000083500000|  0%| F|  |TAMS 0x0000000083400000, 0x0000000083400000| Untracked 
|   3|0x0000000083500000, 0x0000000083500000, 0x0000000083600000|  0%| F|  |TAMS 0x0000000083500000, 0x0000000083500000| Untracked 
|   4|0x0000000083600000, 0x0000000083600000, 0x0000000083700000|  0%| F|  |TAMS 0x0000000083600000, 0x0000000083600000| Untracked 
|   5|0x0000000083700000, 0x0000000083700000, 0x0000000083800000|  0%| F|  |TAMS 0x0000000083700000, 0x0000000083700000| Untracked 
|   6|0x0000000083800000, 0x0000000083800000, 0x0000000083900000|  0%| F|  |TAMS 0x0000000083800000, 0x0000000083800000| Untracked 
|   7|0x0000000083900000, 0x0000000083900000, 0x0000000083a00000|  0%| F|  |TAMS 0x0000000083900000, 0x0000000083900000| Untracked 
|   8|0x0000000083a00000, 0x0000000083a00000, 0x0000000083b00000|  0%| F|  |TAMS 0x0000000083a00000, 0x0000000083a00000| Untracked 
|   9|0x0000000083b00000, 0x0000000083b00000, 0x0000000083c00000|  0%| F|  |TAMS 0x0000000083b00000, 0x0000000083b00000| Untracked 
|  10|0x0000000083c00000, 0x0000000083c00000, 0x0000000083d00000|  0%| F|  |TAMS 0x0000000083c00000, 0x0000000083c00000| Untracked 
|  11|0x0000000083d00000, 0x0000000083d00000, 0x0000000083e00000|  0%| F|  |TAMS 0x0000000083d00000, 0x0000000083d00000| Untracked 
|  12|0x0000000083e00000, 0x0000000083e00000, 0x0000000083f00000|  0%| F|  |TAMS 0x0000000083e00000, 0x0000000083e00000| Untracked 
|  13|0x0000000083f00000, 0x0000000083f00000, 0x0000000084000000|  0%| F|  |TAMS 0x0000000083f00000, 0x0000000083f00000| Untracked 
|  14|0x0000000084000000, 0x0000000084000000, 0x0000000084100000|  0%| F|  |TAMS 0x0000000084000000, 0x0000000084000000| Untracked 
|  15|0x0000000084100000, 0x0000000084100000, 0x0000000084200000|  0%| F|  |TAMS 0x0000000084100000, 0x0000000084100000| Untracked 
|  16|0x0000000084200000, 0x0000000084200000, 0x0000000084300000|  0%| F|  |TAMS 0x0000000084200000, 0x0000000084200000| Untracked 
|  17|0x0000000084300000, 0x0000000084300000, 0x0000000084400000|  0%| F|  |TAMS 0x0000000084300000, 0x0000000084300000| Untracked 
|  18|0x0000000084400000, 0x0000000084400000, 0x0000000084500000|  0%| F|  |TAMS 0x0000000084400000, 0x0000000084400000| Untracked 
|  19|0x0000000084500000, 0x0000000084500000, 0x0000000084600000|  0%| F|  |TAMS 0x0000000084500000, 0x0000000084500000| Untracked 
|  20|0x0000000084600000, 0x0000000084600000, 0x0000000084700000|  0%| F|  |TAMS 0x0000000084600000, 0x0000000084600000| Untracked 
|  21|0x0000000084700000, 0x0000000084700000, 0x0000000084800000|  0%| F|  |TAMS 0x0000000084700000, 0x0000000084700000| Untracked 
|  22|0x0000000084800000, 0x0000000084800000, 0x0000000084900000|  0%| F|  |TAMS 0x0000000084800000, 0x0000000084800000| Untracked 
|  23|0x0000000084900000, 0x0000000084900000, 0x0000000084a00000|  0%| F|  |TAMS 0x0000000084900000, 0x0000000084900000| Untracked 
|  24|0x0000000084a00000, 0x0000000084a00000, 0x0000000084b00000|  0%| F|  |TAMS 0x0000000084a00000, 0x0000000084a00000| Untracked 
|  25|0x0000000084b00000, 0x0000000084b00000, 0x0000000084c00000|  0%| F|  |TAMS 0x0000000084b00000, 0x0000000084b00000| Untracked 
|  26|0x0000000084c00000, 0x0000000084c00000, 0x0000000084d00000|  0%| F|  |TAMS 0x0000000084c00000, 0x0000000084c00000| Untracked 
|  27|0x0000000084d00000, 0x0000000084d00000, 0x0000000084e00000|  0%| F|  |TAMS 0x0000000084d00000, 0x0000000084d00000| Untracked 
|  28|0x0000000084e00000, 0x0000000084e00000, 0x0000000084f00000|  0%| F|  |TAMS 0x0000000084e00000, 0x0000000084e00000| Untracked 
|  29|0x0000000084f00000, 0x0000000084f00000, 0x0000000085000000|  0%| F|  |TAMS 0x0000000084f00000, 0x0000000084f00000| Untracked 
|  30|0x0000000085000000, 0x0000000085000000, 0x0000000085100000|  0%| F|  |TAMS 0x0000000085000000, 0x0000000085000000| Untracked 
|  31|0x0000000085100000, 0x0000000085100000, 0x0000000085200000|  0%| F|  |TAMS 0x0000000085100000, 0x0000000085100000| Untracked 
|  32|0x0000000085200000, 0x0000000085200000, 0x0000000085300000|  0%| F|  |TAMS 0x0000000085200000, 0x0000000085200000| Untracked 
|  33|0x0000000085300000, 0x0000000085300000, 0x0000000085400000|  0%| F|  |TAMS 0x0000000085300000, 0x0000000085300000| Untracked 
|  34|0x0000000085400000, 0x0000000085400000, 0x0000000085500000|  0%| F|  |TAMS 0x0000000085400000, 0x0000000085400000| Untracked 
|  35|0x0000000085500000, 0x0000000085500000, 0x0000000085600000|  0%| F|  |TAMS 0x0000000085500000, 0x0000000085500000| Untracked 
|  36|0x0000000085600000, 0x0000000085600000, 0x0000000085700000|  0%| F|  |TAMS 0x0000000085600000, 0x0000000085600000| Untracked 
|  37|0x0000000085700000, 0x0000000085700000, 0x0000000085800000|  0%| F|  |TAMS 0x0000000085700000, 0x0000000085700000| Untracked 
|  38|0x0000000085800000, 0x0000000085800000, 0x0000000085900000|  0%| F|  |TAMS 0x0000000085800000, 0x0000000085800000| Untracked 
|  39|0x0000000085900000, 0x0000000085900000, 0x0000000085a00000|  0%| F|  |TAMS 0x0000000085900000, 0x0000000085900000| Untracked 
|  40|0x0000000085a00000, 0x0000000085a00000, 0x0000000085b00000|  0%| F|  |TAMS 0x0000000085a00000, 0x0000000085a00000| Untracked 
|  41|0x0000000085b00000, 0x0000000085b00000, 0x0000000085c00000|  0%| F|  |TAMS 0x0000000085b00000, 0x0000000085b00000| Untracked 
|  42|0x0000000085c00000, 0x0000000085c00000, 0x0000000085d00000|  0%| F|  |TAMS 0x0000000085c00000, 0x0000000085c00000| Untracked 
|  43|0x0000000085d00000, 0x0000000085d00000, 0x0000000085e00000|  0%| F|  |TAMS 0x0000000085d00000, 0x0000000085d00000| Untracked 
|  44|0x0000000085e00000, 0x0000000085e00000, 0x0000000085f00000|  0%| F|  |TAMS 0x0000000085e00000, 0x0000000085e00000| Untracked 
|  45|0x0000000085f00000, 0x0000000085f00000, 0x0000000086000000|  0%| F|  |TAMS 0x0000000085f00000, 0x0000000085f00000| Untracked 
|  46|0x0000000086000000, 0x0000000086000000, 0x0000000086100000|  0%| F|  |TAMS 0x0000000086000000, 0x0000000086000000| Untracked 
|  47|0x0000000086100000, 0x0000000086100000, 0x0000000086200000|  0%| F|  |TAMS 0x0000000086100000, 0x0000000086100000| Untracked 
|  48|0x0000000086200000, 0x0000000086200000, 0x0000000086300000|  0%| F|  |TAMS 0x0000000086200000, 0x0000000086200000| Untracked 
|  49|0x0000000086300000, 0x0000000086300000, 0x0000000086400000|  0%| F|  |TAMS 0x0000000086300000, 0x0000000086300000| Untracked 
|  50|0x0000000086400000, 0x0000000086400000, 0x0000000086500000|  0%| F|  |TAMS 0x0000000086400000, 0x0000000086400000| Untracked 
|  51|0x0000000086500000, 0x0000000086500000, 0x0000000086600000|  0%| F|  |TAMS 0x0000000086500000, 0x0000000086500000| Untracked 
|  52|0x0000000086600000, 0x0000000086600000, 0x0000000086700000|  0%| F|  |TAMS 0x0000000086600000, 0x0000000086600000| Untracked 
|  53|0x0000000086700000, 0x0000000086700000, 0x0000000086800000|  0%| F|  |TAMS 0x0000000086700000, 0x0000000086700000| Untracked 
|  54|0x0000000086800000, 0x0000000086800000, 0x0000000086900000|  0%| F|  |TAMS 0x0000000086800000, 0x0000000086800000| Untracked 
|  55|0x0000000086900000, 0x0000000086900000, 0x0000000086a00000|  0%| F|  |TAMS 0x0000000086900000, 0x0000000086900000| Untracked 
|  56|0x0000000086a00000, 0x0000000086a00000, 0x0000000086b00000|  0%| F|  |TAMS 0x0000000086a00000, 0x0000000086a00000| Untracked 
|  57|0x0000000086b00000, 0x0000000086b00000, 0x0000000086c00000|  0%| F|  |TAMS 0x0000000086b00000, 0x0000000086b00000| Untracked 
|  58|0x0000000086c00000, 0x0000000086c00000, 0x0000000086d00000|  0%| F|  |TAMS 0x0000000086c00000, 0x0000000086c00000| Untracked 
|  59|0x0000000086d00000, 0x0000000086d00000, 0x0000000086e00000|  0%| F|  |TAMS 0x0000000086d00000, 0x0000000086d00000| Untracked 
|  60|0x0000000086e00000, 0x0000000086e00000, 0x0000000086f00000|  0%| F|  |TAMS 0x0000000086e00000, 0x0000000086e00000| Untracked 
|  61|0x0000000086f00000, 0x0000000086f00000, 0x0000000087000000|  0%| F|  |TAMS 0x0000000086f00000, 0x0000000086f00000| Untracked 
|  62|0x0000000087000000, 0x0000000087000000, 0x0000000087100000|  0%| F|  |TAMS 0x0000000087000000, 0x0000000087000000| Untracked 
|  63|0x0000000087100000, 0x0000000087100000, 0x0000000087200000|  0%| F|  |TAMS 0x0000000087100000, 0x0000000087100000| Untracked 
|  64|0x0000000087200000, 0x0000000087200000, 0x0000000087300000|  0%| F|  |TAMS 0x0000000087200000, 0x0000000087200000| Untracked 
|  65|0x0000000087300000, 0x0000000087300000, 0x0000000087400000|  0%| F|  |TAMS 0x0000000087300000, 0x0000000087300000| Untracked 
|  66|0x0000000087400000, 0x0000000087400000, 0x0000000087500000|  0%| F|  |TAMS 0x0000000087400000, 0x0000000087400000| Untracked 
|  67|0x0000000087500000, 0x0000000087500000, 0x0000000087600000|  0%| F|  |TAMS 0x0000000087500000, 0x0000000087500000| Untracked 
|  68|0x0000000087600000, 0x0000000087600000, 0x0000000087700000|  0%| F|  |TAMS 0x0000000087600000, 0x0000000087600000| Untracked 
|  69|0x0000000087700000, 0x0000000087700000, 0x0000000087800000|  0%| F|  |TAMS 0x0000000087700000, 0x0000000087700000| Untracked 
|  70|0x0000000087800000, 0x0000000087800000, 0x0000000087900000|  0%| F|  |TAMS 0x0000000087800000, 0x0000000087800000| Untracked 
|  71|0x0000000087900000, 0x0000000087900000, 0x0000000087a00000|  0%| F|  |TAMS 0x0000000087900000, 0x0000000087900000| Untracked 
|  72|0x0000000087a00000, 0x0000000087a00000, 0x0000000087b00000|  0%| F|  |TAMS 0x0000000087a00000, 0x0000000087a00000| Untracked 
|  73|0x0000000087b00000, 0x0000000087b00000, 0x0000000087c00000|  0%| F|  |TAMS 0x0000000087b00000, 0x0000000087b00000| Untracked 
|  74|0x0000000087c00000, 0x0000000087c00000, 0x0000000087d00000|  0%| F|  |TAMS 0x0000000087c00000, 0x0000000087c00000| Untracked 
|  75|0x0000000087d00000, 0x0000000087d00000, 0x0000000087e00000|  0%| F|  |TAMS 0x0000000087d00000, 0x0000000087d00000| Untracked 
|  76|0x0000000087e00000, 0x0000000087e00000, 0x0000000087f00000|  0%| F|  |TAMS 0x0000000087e00000, 0x0000000087e00000| Untracked 
|  77|0x0000000087f00000, 0x0000000087f00000, 0x0000000088000000|  0%| F|  |TAMS 0x0000000087f00000, 0x0000000087f00000| Untracked 
|  78|0x0000000088000000, 0x0000000088000000, 0x0000000088100000|  0%| F|  |TAMS 0x0000000088000000, 0x0000000088000000| Untracked 
|  79|0x0000000088100000, 0x0000000088100000, 0x0000000088200000|  0%| F|  |TAMS 0x0000000088100000, 0x0000000088100000| Untracked 
|  80|0x0000000088200000, 0x0000000088200000, 0x0000000088300000|  0%| F|  |TAMS 0x0000000088200000, 0x0000000088200000| Untracked 
|  81|0x0000000088300000, 0x0000000088300000, 0x0000000088400000|  0%| F|  |TAMS 0x0000000088300000, 0x0000000088300000| Untracked 
|  82|0x0000000088400000, 0x0000000088400000, 0x0000000088500000|  0%| F|  |TAMS 0x0000000088400000, 0x0000000088400000| Untracked 
|  83|0x0000000088500000, 0x0000000088500000, 0x0000000088600000|  0%| F|  |TAMS 0x0000000088500000, 0x0000000088500000| Untracked 
|  84|0x0000000088600000, 0x0000000088600000, 0x0000000088700000|  0%| F|  |TAMS 0x0000000088600000, 0x0000000088600000| Untracked 
|  85|0x0000000088700000, 0x0000000088700000, 0x0000000088800000|  0%| F|  |TAMS 0x0000000088700000, 0x0000000088700000| Untracked 
|  86|0x0000000088800000, 0x0000000088800000, 0x0000000088900000|  0%| F|  |TAMS 0x0000000088800000, 0x0000000088800000| Untracked 
|  87|0x0000000088900000, 0x0000000088900000, 0x0000000088a00000|  0%| F|  |TAMS 0x0000000088900000, 0x0000000088900000| Untracked 
|  88|0x0000000088a00000, 0x0000000088a00000, 0x0000000088b00000|  0%| F|  |TAMS 0x0000000088a00000, 0x0000000088a00000| Untracked 
|  89|0x0000000088b00000, 0x0000000088b00000, 0x0000000088c00000|  0%| F|  |TAMS 0x0000000088b00000, 0x0000000088b00000| Untracked 
|  90|0x0000000088c00000, 0x0000000088c00000, 0x0000000088d00000|  0%| F|  |TAMS 0x0000000088c00000, 0x0000000088c00000| Untracked 
|  91|0x0000000088d00000, 0x0000000088d00000, 0x0000000088e00000|  0%| F|  |TAMS 0x0000000088d00000, 0x0000000088d00000| Untracked 
|  92|0x0000000088e00000, 0x0000000088e00000, 0x0000000088f00000|  0%| F|  |TAMS 0x0000000088e00000, 0x0000000088e00000| Untracked 
|  93|0x0000000088f00000, 0x0000000088f00000, 0x0000000089000000|  0%| F|  |TAMS 0x0000000088f00000, 0x0000000088f00000| Untracked 
|  94|0x0000000089000000, 0x0000000089000000, 0x0000000089100000|  0%| F|  |TAMS 0x0000000089000000, 0x0000000089000000| Untracked 
|  95|0x0000000089100000, 0x0000000089100000, 0x0000000089200000|  0%| F|  |TAMS 0x0000000089100000, 0x0000000089100000| Untracked 
|  96|0x0000000089200000, 0x0000000089200000, 0x0000000089300000|  0%| F|  |TAMS 0x0000000089200000, 0x0000000089200000| Untracked 
|  97|0x0000000089300000, 0x0000000089300000, 0x0000000089400000|  0%| F|  |TAMS 0x0000000089300000, 0x0000000089300000| Untracked 
|  98|0x0000000089400000, 0x0000000089400000, 0x0000000089500000|  0%| F|  |TAMS 0x0000000089400000, 0x0000000089400000| Untracked 
|  99|0x0000000089500000, 0x0000000089500000, 0x0000000089600000|  0%| F|  |TAMS 0x0000000089500000, 0x0000000089500000| Untracked 
| 100|0x0000000089600000, 0x0000000089600000, 0x0000000089700000|  0%| F|  |TAMS 0x0000000089600000, 0x0000000089600000| Untracked 
| 101|0x0000000089700000, 0x0000000089700000, 0x0000000089800000|  0%| F|  |TAMS 0x0000000089700000, 0x0000000089700000| Untracked 
| 102|0x0000000089800000, 0x0000000089800000, 0x0000000089900000|  0%| F|  |TAMS 0x0000000089800000, 0x0000000089800000| Untracked 
| 103|0x0000000089900000, 0x0000000089900000, 0x0000000089a00000|  0%| F|  |TAMS 0x0000000089900000, 0x0000000089900000| Untracked 
| 104|0x0000000089a00000, 0x0000000089a00000, 0x0000000089b00000|  0%| F|  |TAMS 0x0000000089a00000, 0x0000000089a00000| Untracked 
| 105|0x0000000089b00000, 0x0000000089b00000, 0x0000000089c00000|  0%| F|  |TAMS 0x0000000089b00000, 0x0000000089b00000| Untracked 
| 106|0x0000000089c00000, 0x0000000089c00000, 0x0000000089d00000|  0%| F|  |TAMS 0x0000000089c00000, 0x0000000089c00000| Untracked 
| 107|0x0000000089d00000, 0x0000000089d00000, 0x0000000089e00000|  0%| F|  |TAMS 0x0000000089d00000, 0x0000000089d00000| Untracked 
| 108|0x0000000089e00000, 0x0000000089e00000, 0x0000000089f00000|  0%| F|  |TAMS 0x0000000089e00000, 0x0000000089e00000| Untracked 
| 109|0x0000000089f00000, 0x0000000089f00000, 0x000000008a000000|  0%| F|  |TAMS 0x0000000089f00000, 0x0000000089f00000| Untracked 
| 110|0x000000008a000000, 0x000000008a000000, 0x000000008a100000|  0%| F|  |TAMS 0x000000008a000000, 0x000000008a000000| Untracked 
| 111|0x000000008a100000, 0x000000008a100000, 0x000000008a200000|  0%| F|  |TAMS 0x000000008a100000, 0x000000008a100000| Untracked 
| 112|0x000000008a200000, 0x000000008a200000, 0x000000008a300000|  0%| F|  |TAMS 0x000000008a200000, 0x000000008a200000| Untracked 
| 113|0x000000008a300000, 0x000000008a300000, 0x000000008a400000|  0%| F|  |TAMS 0x000000008a300000, 0x000000008a300000| Untracked 
| 114|0x000000008a400000, 0x000000008a400000, 0x000000008a500000|  0%| F|  |TAMS 0x000000008a400000, 0x000000008a400000| Untracked 
| 115|0x000000008a500000, 0x000000008a500000, 0x000000008a600000|  0%| F|  |TAMS 0x000000008a500000, 0x000000008a500000| Untracked 
| 116|0x000000008a600000, 0x000000008a600000, 0x000000008a700000|  0%| F|  |TAMS 0x000000008a600000, 0x000000008a600000| Untracked 
| 117|0x000000008a700000, 0x000000008a700000, 0x000000008a800000|  0%| F|  |TAMS 0x000000008a700000, 0x000000008a700000| Untracked 
| 118|0x000000008a800000, 0x000000008a800000, 0x000000008a900000|  0%| F|  |TAMS 0x000000008a800000, 0x000000008a800000| Untracked 
| 119|0x000000008a900000, 0x000000008a900000, 0x000000008aa00000|  0%| F|  |TAMS 0x000000008a900000, 0x000000008a900000| Untracked 
| 120|0x000000008aa00000, 0x000000008aa00000, 0x000000008ab00000|  0%| F|  |TAMS 0x000000008aa00000, 0x000000008aa00000| Untracked 
| 121|0x000000008ab00000, 0x000000008ab00000, 0x000000008ac00000|  0%| F|  |TAMS 0x000000008ab00000, 0x000000008ab00000| Untracked 
| 122|0x000000008ac00000, 0x000000008ac00000, 0x000000008ad00000|  0%| F|  |TAMS 0x000000008ac00000, 0x000000008ac00000| Untracked 
| 123|0x000000008ad00000, 0x000000008adf6bf8, 0x000000008ae00000| 96%| E|  |TAMS 0x000000008ad00000, 0x000000008ad00000| Complete 
| 124|0x000000008ae00000, 0x000000008af00000, 0x000000008af00000|100%| E|CS|TAMS 0x000000008ae00000, 0x000000008ae00000| Complete 
| 125|0x000000008af00000, 0x000000008b000000, 0x000000008b000000|100%| E|CS|TAMS 0x000000008af00000, 0x000000008af00000| Complete 

Card table byte_map: [0x00000251f6290000,0x00000251f6680000] _byte_map_base: 0x00000251f5e77000

Marking Bits (Prev, Next): (CMBitMap*) 0x00000251ed418e88, (CMBitMap*) 0x00000251ed418ec0
 Prev Bits: [0x00000251f6a70000, 0x00000251f89a8000)
 Next Bits: [0x00000251f89b0000, 0x00000251fa8e8000)

Polling page: 0x00000251ecbb0000

Metaspace:

Usage:
  Non-class:      6.06 MB capacity,     5.98 MB ( 99%) used,    84.01 KB (  1%) free+waste,     4.50 KB ( <1%) overhead. 
      Class:    643.00 KB capacity,   582.12 KB ( 91%) used,    58.70 KB (  9%) free+waste,     2.19 KB ( <1%) overhead. 
       Both:      6.69 MB capacity,     6.54 MB ( 98%) used,   142.70 KB (  2%) free+waste,     6.69 KB ( <1%) overhead. 

Virtual space:
  Non-class space:        8.00 MB reserved,       6.25 MB ( 78%) committed 
      Class space:        1.00 GB reserved,     768.00 KB ( <1%) committed 
             Both:        1.01 GB reserved,       7.00 MB ( <1%) committed 

Chunk freelists:
   Non-Class:  1.00 KB
       Class:  29.00 KB
        Both:  30.00 KB

MaxMetaspaceSize: 17179869184.00 GB
CompressedClassSpaceSize: 1.00 GB
Initial GC threshold: 20.80 MB
Current GC threshold: 20.80 MB
CDS: off

CodeHeap 'non-profiled nmethods': size=120000Kb used=103Kb max_used=103Kb free=119896Kb
 bounds [0x0000025187ad0000, 0x0000025187d40000, 0x000002518f000000]
CodeHeap 'profiled nmethods': size=120000Kb used=395Kb max_used=395Kb free=119604Kb
 bounds [0x00000251805a0000, 0x0000025180810000, 0x0000025187ad0000]
CodeHeap 'non-nmethods': size=5760Kb used=1109Kb max_used=1133Kb free=4650Kb
 bounds [0x0000025180000000, 0x0000025180270000, 0x00000251805a0000]
 total_blobs=673 nmethods=330 adapters=256
 compilation: enabled
              stopped_count=0, restarted_count=0
 full_count=0

Compilation events (20 events):
Event: 0.161 Thread 0x00000251fdcda000  318       3       java.lang.String::isEmpty (14 bytes)
Event: 0.161 Thread 0x00000251fdcda000 nmethod 318 0x0000025180600690 code [0x0000025180600840, 0x0000025180600998]
Event: 0.161 Thread 0x00000251fdcda000  319       3       java.lang.System::getSecurityManager (4 bytes)
Event: 0.161 Thread 0x00000251fdcda000 nmethod 319 0x0000025180600a90 code [0x0000025180600c40, 0x0000025180600d38]
Event: 0.161 Thread 0x00000251fdcda000  315       3       java.lang.invoke.MethodType$ConcurrentWeakInternSet$WeakEntry::<init> (14 bytes)
Event: 0.161 Thread 0x00000251fdcda000 nmethod 315 0x0000025180600d90 code [0x0000025180600f80, 0x00000251806013a8]
Event: 0.161 Thread 0x00000251fdcda000  324       3       sun.nio.cs.SingleByte$Encoder::encode (32 bytes)
Event: 0.161 Thread 0x00000251fdcda000 nmethod 324 0x0000025180601510 code [0x00000251806016c0, 0x0000025180601878]
Event: 0.161 Thread 0x00000251fdcda000  325       1       java.nio.Buffer::position (5 bytes)
Event: 0.161 Thread 0x00000251fdcda000 nmethod 325 0x0000025187ae8d10 code [0x0000025187ae8ec0, 0x0000025187ae8f78]
Event: 0.161 Thread 0x00000251fdcda000  326       1       java.nio.Buffer::limit (5 bytes)
Event: 0.161 Thread 0x00000251fdcda000 nmethod 326 0x0000025187ae9010 code [0x0000025187ae91c0, 0x0000025187ae9278]
Event: 0.162 Thread 0x00000251fdcda000  327       3       java.util.Collections$UnmodifiableCollection$1::next (10 bytes)
Event: 0.162 Thread 0x00000251fdcda000 nmethod 327 0x0000025180601990 code [0x0000025180601b40, 0x0000025180601d08]
Event: 0.163 Thread 0x00000251fdcda000  328       3       java.nio.Buffer::position (52 bytes)
Event: 0.164 Thread 0x00000251fdcda000 nmethod 328 0x0000025180601e10 code [0x0000025180601fe0, 0x0000025180602248]
Event: 0.164 Thread 0x00000251fdcda000  329       3       java.nio.ByteBuffer::arrayOffset (35 bytes)
Event: 0.164 Thread 0x00000251fdcda000 nmethod 329 0x0000025180602310 code [0x00000251806024e0, 0x0000025180602758]
Event: 0.165 Thread 0x00000251fdcda000  330       3       java.nio.CharBuffer::arrayOffset (35 bytes)
Event: 0.165 Thread 0x00000251fdcda000 nmethod 330 0x0000025180602890 code [0x0000025180602a60, 0x0000025180602cd8]

GC Heap History (0 events):
No events

Deoptimization events (12 events):
Event: 0.091 Thread 0x00000251ed3d9800 Uncommon trap: trap_request=0xffffff4d fr.pc=0x0000025187ad7d28 relative=0x0000000000000188
Event: 0.091 Thread 0x00000251ed3d9800 Uncommon trap: reason=unstable_if action=reinterpret pc=0x0000025187ad7d28 method=java.lang.String.hashCode()I @ 22 c2
Event: 0.092 Thread 0x00000251ed3d9800 DEOPT PACKING pc=0x0000025187ad7d28 sp=0x000000a3729feb60
Event: 0.092 Thread 0x00000251ed3d9800 DEOPT UNPACKING pc=0x00000251800085af sp=0x000000a3729feae8 mode 2
Event: 0.093 Thread 0x00000251ed3d9800 Uncommon trap: trap_request=0xffffff4d fr.pc=0x0000025187ada2a8 relative=0x0000000000000188
Event: 0.093 Thread 0x00000251ed3d9800 Uncommon trap: reason=unstable_if action=reinterpret pc=0x0000025187ada2a8 method=java.lang.String.equals(Ljava/lang/Object;)Z @ 27 c2
Event: 0.093 Thread 0x00000251ed3d9800 DEOPT PACKING pc=0x0000025187ada2a8 sp=0x000000a3729fec10
Event: 0.093 Thread 0x00000251ed3d9800 DEOPT UNPACKING pc=0x00000251800085af sp=0x000000a3729febb0 mode 2
Event: 0.125 Thread 0x00000251ed3d9800 DEOPT PACKING pc=0x00000251805d76bb sp=0x000000a3729fae30
Event: 0.125 Thread 0x00000251ed3d9800 DEOPT UNPACKING pc=0x0000025180049d0e sp=0x000000a3729fa300 mode 0
Event: 0.126 Thread 0x00000251ed3d9800 DEOPT PACKING pc=0x00000251805d76bb sp=0x000000a3729fae30
Event: 0.126 Thread 0x00000251ed3d9800 DEOPT UNPACKING pc=0x0000025180049d0e sp=0x000000a3729fa300 mode 0

Classes redefined (0 events):
No events

Internal exceptions (2 events):
Event: 0.161 Thread 0x00000251ed3d9800 Exception <a 'java/io/FileNotFoundException'{0x000000008adde8d0}> (0x000000008adde8d0) thrown at [s\src\hotspot\share\prims\jni.cpp, line 617]
Event: 0.164 Thread 0x00000251ed3d9800 Exception <a 'java/lang/reflect/InvocationTargetException'{0x000000008ade4bf8}> (0x000000008ade4bf8) thrown at [s\src\hotspot\share\runtime\reflection.cpp, line 1245]

Events (20 events):
Event: 0.158 loading class org/jacoco/agent/rt/internal_43f5073/Agent$2
Event: 0.158 loading class org/jacoco/agent/rt/internal_43f5073/Agent$2 done
Event: 0.159 loading class java/lang/NoSuchFieldError
Event: 0.159 loading class java/lang/IncompatibleClassChangeError
Event: 0.159 loading class java/lang/IncompatibleClassChangeError done
Event: 0.159 loading class java/lang/NoSuchFieldError done
Event: 0.159 loading class org/jacoco/agent/rt/internal_43f5073/output/FileOutput
Event: 0.159 loading class org/jacoco/agent/rt/internal_43f5073/output/FileOutput done
Event: 0.160 loading class java/io/FileNotFoundException
Event: 0.161 loading class java/io/FileNotFoundException done
Event: 0.161 Executing VM operation: Deoptimize
Event: 0.161 Executing VM operation: Deoptimize done
Event: 0.161 loading class java/lang/Throwable$WrappedPrintStream
Event: 0.161 loading class java/lang/Throwable$PrintStreamOrWriter
Event: 0.161 loading class java/lang/Throwable$PrintStreamOrWriter done
Event: 0.161 loading class java/lang/Throwable$WrappedPrintStream done
Event: 0.161 loading class java/lang/StackTraceElement$HashedModules
Event: 0.162 loading class java/lang/StackTraceElement$HashedModules done
Event: 0.163 loading class java/lang/reflect/InvocationTargetException
Event: 0.164 loading class java/lang/reflect/InvocationTargetException done


Dynamic libraries:
0x00007ff68f490000 - 0x00007ff68f49d000 	C:\Users\Пользователь\.jdks\corretto-11.0.20.1\bin\java.exe
0x00007ffba6730000 - 0x00007ffba6947000 	C:\WINDOWS\SYSTEM32\ntdll.dll
0x00007ffba4660000 - 0x00007ffba4724000 	C:\WINDOWS\System32\KERNEL32.DLL
0x00007ffba3c50000 - 0x00007ffba3ff6000 	C:\WINDOWS\System32\KERNELBASE.dll
0x00007ffba3b30000 - 0x00007ffba3c41000 	C:\WINDOWS\System32\ucrtbase.dll
0x00007ffb8a380000 - 0x00007ffb8a397000 	C:\Users\Пользователь\.jdks\corretto-11.0.20.1\bin\jli.dll
0x00007ffb89de0000 - 0x00007ffb89df9000 	C:\Users\Пользователь\.jdks\corretto-11.0.20.1\bin\VCRUNTIME140.dll
0x00007ffba59a0000 - 0x00007ffba5b4d000 	C:\WINDOWS\System32\USER32.dll
0x00007ffba40a0000 - 0x00007ffba40c6000 	C:\WINDOWS\System32\win32u.dll
0x00007ffba5570000 - 0x00007ffba5599000 	C:\WINDOWS\System32\GDI32.dll
0x00007ffb68900000 - 0x00007ffb68b93000 	C:\WINDOWS\WinSxS\amd64_microsoft.windows.common-controls_6595b64144ccf1df_6.0.22621.2361_none_2712ced57382f843\COMCTL32.dll
0x00007ffba4240000 - 0x00007ffba4358000 	C:\WINDOWS\System32\gdi32full.dll
0x00007ffba57b0000 - 0x00007ffba5857000 	C:\WINDOWS\System32\msvcrt.dll
0x00007ffba4000000 - 0x00007ffba409a000 	C:\WINDOWS\System32\msvcp_win.dll
0x00007ffba4a60000 - 0x00007ffba4a91000 	C:\WINDOWS\System32\IMM32.DLL
0x00007ffb83a20000 - 0x00007ffb83abb000 	C:\Users\Пользователь\.jdks\corretto-11.0.20.1\bin\msvcp140.dll
0x00007ffb4fa30000 - 0x00007ffb505bb000 	C:\Users\Пользователь\.jdks\corretto-11.0.20.1\bin\server\jvm.dll
0x00007ffba5860000 - 0x00007ffba5910000 	C:\WINDOWS\System32\ADVAPI32.dll
0x00007ffba47b0000 - 0x00007ffba4856000 	C:\WINDOWS\System32\sechost.dll
0x00007ffba5b50000 - 0x00007ffba5c67000 	C:\WINDOWS\System32\RPCRT4.dll
0x00007ffba4650000 - 0x00007ffba4658000 	C:\WINDOWS\System32\PSAPI.DLL
0x00007ffb94db0000 - 0x00007ffb94de4000 	C:\WINDOWS\SYSTEM32\WINMM.dll
0x00007ffb970e0000 - 0x00007ffb970e9000 	C:\WINDOWS\SYSTEM32\WSOCK32.dll
0x00007ffba2770000 - 0x00007ffba277a000 	C:\WINDOWS\SYSTEM32\VERSION.dll
0x00007ffba4730000 - 0x00007ffba47a1000 	C:\WINDOWS\System32\WS2_32.dll
0x00007ffba2be0000 - 0x00007ffba2bf8000 	C:\WINDOWS\SYSTEM32\kernel.appcore.dll
0x00007ffb8aa40000 - 0x00007ffb8aa50000 	C:\Users\Пользователь\.jdks\corretto-11.0.20.1\bin\verify.dll
0x00007ffba1180000 - 0x00007ffba13ae000 	C:\WINDOWS\SYSTEM32\DBGHELP.DLL
0x00007ffba5c70000 - 0x00007ffba5ffa000 	C:\WINDOWS\System32\combase.dll
0x00007ffba6010000 - 0x00007ffba60e7000 	C:\WINDOWS\System32\OLEAUT32.dll
0x00007ffb8b9b0000 - 0x00007ffb8b9e2000 	C:\WINDOWS\SYSTEM32\dbgcore.DLL
0x00007ffba3ab0000 - 0x00007ffba3b2a000 	C:\WINDOWS\System32\bcryptPrimitives.dll
0x00007ffb894d0000 - 0x00007ffb894f8000 	C:\Users\Пользователь\.jdks\corretto-11.0.20.1\bin\java.dll
0x00007ffb8a990000 - 0x00007ffb8a99a000 	C:\Users\Пользователь\.jdks\corretto-11.0.20.1\bin\jimage.dll
0x00007ffb97570000 - 0x00007ffb9757e000 	C:\Users\Пользователь\.jdks\corretto-11.0.20.1\bin\instrument.dll
0x00007ffb89dc0000 - 0x00007ffb89dd8000 	C:\Users\Пользователь\.jdks\corretto-11.0.20.1\bin\zip.dll
0x00007ffba4d10000 - 0x00007ffba5568000 	C:\WINDOWS\System32\SHELL32.dll
0x00007ffba1770000 - 0x00007ffba2062000 	C:\WINDOWS\SYSTEM32\windows.storage.dll
0x00007ffba1630000 - 0x00007ffba176e000 	C:\WINDOWS\SYSTEM32\wintypes.dll
0x00007ffba4550000 - 0x00007ffba4643000 	C:\WINDOWS\System32\SHCORE.dll
0x00007ffba6690000 - 0x00007ffba66ee000 	C:\WINDOWS\System32\shlwapi.dll
0x00007ffba39e0000 - 0x00007ffba3a06000 	C:\WINDOWS\SYSTEM32\profapi.dll
0x00007ffb894b0000 - 0x00007ffb894c9000 	C:\Users\Пользователь\.jdks\corretto-11.0.20.1\bin\net.dll
0x00007ffb9c360000 - 0x00007ffb9c497000 	C:\WINDOWS\SYSTEM32\WINHTTP.dll
0x00007ffba3060000 - 0x00007ffba30c9000 	C:\WINDOWS\system32\mswsock.dll
0x00007ffb88880000 - 0x00007ffb88893000 	C:\Users\Пользователь\.jdks\corretto-11.0.20.1\bin\nio.dll
0x00007ffb94fc0000 - 0x00007ffb94fd7000 	C:\WINDOWS\system32\napinsp.dll
0x00007ffb94fa0000 - 0x00007ffb94fbb000 	C:\WINDOWS\system32\pnrpnsp.dll
0x00007ffba23b0000 - 0x00007ffba24a9000 	C:\WINDOWS\SYSTEM32\DNSAPI.dll
0x00007ffba2380000 - 0x00007ffba23ad000 	C:\WINDOWS\SYSTEM32\IPHLPAPI.DLL
0x00007ffba55a0000 - 0x00007ffba55a9000 	C:\WINDOWS\System32\NSI.dll
0x00007ffb5ccd0000 - 0x00007ffb5cce1000 	C:\WINDOWS\System32\winrnr.dll
0x00007ffb967a0000 - 0x00007ffb967b5000 	C:\WINDOWS\system32\wshbth.dll
0x00007ffb34070000 - 0x00007ffb34091000 	C:\WINDOWS\system32\nlansp_c.dll
0x00007ffb94da0000 - 0x00007ffb94daa000 	C:\Windows\System32\rasadhlp.dll
0x00007ffb91580000 - 0x00007ffb91604000 	C:\WINDOWS\System32\fwpuclnt.dll

dbghelp: loaded successfully - version: 4.0.5 - missing functions: none
symbol engine: initialized successfully - sym options: 0x614 - pdb path: .;C:\Users\Пользователь\.jdks\corretto-11.0.20.1\bin;C:\WINDOWS\SYSTEM32;C:\WINDOWS\WinSxS\amd64_microsoft.windows.common-controls_6595b64144ccf1df_6.0.22621.2361_none_2712ced57382f843;C:\Users\Пользователь\.jdks\corretto-11.0.20.1\bin\server

VM Arguments:
jvm_args: -javaagent:C:\\Users\\Пользователь\\.m2\\repository\\org\\jacoco\\org.jacoco.agent\\0.8.5\\org.jacoco.agent-0.8.5-runtime.jar=destfile=C:\\Users\\Пользователь\\Desktop\\Netology\\3. Java\\myhw8\\target\\jacoco.exec 
java_command: C:\Users\73B5~1\AppData\Local\Temp\surefire1432511467983268266\surefirebooter4930167501416656096.jar C:\Users\Пользователь\AppData\Local\Temp\surefire1432511467983268266 2023-10-21T17-31-14_139-jvmRun1 surefire10338957804533630466tmp surefire_06529324493987839993tmp
java_class_path (initial): C:\Users\73B5~1\AppData\Local\Temp\surefire1432511467983268266\surefirebooter4930167501416656096.jar
Launcher Type: SUN_STANDARD

[Global flags]
     intx CICompilerCount                          = 4                                         {product} {ergonomic}
     uint ConcGCThreads                            = 2                                         {product} {ergonomic}
     uint G1ConcRefinementThreads                  = 8                                         {product} {ergonomic}
   size_t G1HeapRegionSize                         = 1048576                                   {product} {ergonomic}
    uintx GCDrainStackTargetSize                   = 64                                        {product} {ergonomic}
   size_t InitialHeapSize                          = 132120576                                 {product} {ergonomic}
   size_t MarkStackSize                            = 4194304                                   {product} {ergonomic}
   size_t MaxHeapSize                              = 2095054848                                {product} {ergonomic}
   size_t MaxNewSize                               = 1256194048                                {product} {ergonomic}
   size_t MinHeapDeltaBytes                        = 1048576                                   {product} {ergonomic}
    uintx NonNMethodCodeHeapSize                   = 5836300                                {pd product} {ergonomic}
    uintx NonProfiledCodeHeapSize                  = 122910970                              {pd product} {ergonomic}
    uintx ProfiledCodeHeapSize                     = 122910970                              {pd product} {ergonomic}
    uintx ReservedCodeCacheSize                    = 251658240                              {pd product} {ergonomic}
     bool SegmentedCodeCache                       = true                                      {product} {ergonomic}
     bool UseCompressedClassPointers               = true                                 {lp64_product} {ergonomic}
     bool UseCompressedOops                        = true                                 {lp64_product} {ergonomic}
     bool UseG1GC                                  = true                                      {product} {ergonomic}
     bool UseLargePagesIndividualAllocation        = false                                  {pd product} {ergonomic}

Logging:
Log output configuration:
 #0: stdout all=warning uptime,level,tags
 #1: stderr all=off uptime,level,tags

Environment Variables:
PATH=C:\Program Files\Eclipse Adoptium\jdk-11.0.19.7-hotspot\bin;C:\WINDOWS\system32;C:\WINDOWS;C:\WINDOWS\System32\Wbem;C:\WINDOWS\System32\WindowsPowerShell\v1.0\;C:\WINDOWS\System32\OpenSSH\;C:\Program Files\dotnet\;C:\Program Files\JMeter\bin;\bin;C:\Program Files\Git\cmd;C:\Users\Пользователь\AppData\Local\Microsoft\WindowsApps;;C:\Users\Пользователь\AppData\Local\Programs\Microsoft VS Code\bin;C:\Program Files\JetBrains\IntelliJ IDEA 2023.2.3\bin;;C:\Program Files\JetBrains\IntelliJ IDEA Community Edition 2023.2.3\bin;
USERNAME=volapchenko
OS=Windows_NT
PROCESSOR_IDENTIFIER=Intel64 Family 6 Model 140 Stepping 1, GenuineIntel
TMP=C:\Users\73B5~1\AppData\Local\Temp
TEMP=C:\Users\73B5~1\AppData\Local\Temp



---------------  S Y S T E M  ---------------

OS: Windows 11 , 64 bit Build 22621 (10.0.22621.2428)
OS uptime: 6 days 9:35 hours

CPU:total 8 (initial active 8) (4 cores per cpu, 2 threads per core) family 6 model 140 stepping 1 microcode 0x86, cmov, cx8, fxsr, mmx, sse, sse2, sse3, ssse3, sse4.1, sse4.2, popcnt, avx, avx2, aes, clmul, erms, 3dnowpref, lzcnt, ht, tsc, tscinvbit, bmi1, bmi2, adx, evex, sha, fma

Memory: 4k page, system-wide physical 7987M (400M free)
TotalPageFile size 23347M (AvailPageFile size 8181M)
current process WorkingSet (physical memory assigned to process): 40M, peak: 40M
current process commit charge ("private bytes"): 206M, peak: 206M

vm_info: OpenJDK 64-Bit Server VM (11.0.20.1+9-LTS) for windows-amd64 JRE (11.0.20.1+9-LTS), built on Aug 19 2023 03:46:24 by "Administrator" with MS VC++ 15.9 (VS2017)

END.
